#
# There is insufficient memory for the Java Runtime Environment to continue.
# Native memory allocation (malloc) failed to allocate 32744 bytes. Error detail: Chunk::new
# Possible reasons:
#   The system is out of physical RAM or swap space
#   This process is running with CompressedOops enabled, and the Java Heap may be blocking the growth of the native heap
# Possible solutions:
#   Reduce memory load on the system
#   Increase physical memory or swap space
#   Check if swap backing store is full
#   Decrease Java heap size (-Xmx/-Xms)
#   Decrease number of Java threads
#   Decrease Java thread stack sizes (-Xss)
#   Set larger code cache with -XX:ReservedCodeCacheSize=
#   JVM is running with Unscaled Compressed Oops mode in which the Java heap is
#     placed in the first 4GB address space. The Java Heap base address is the
#     maximum limit for the native heap growth. Please use -XX:HeapBaseMinAddress
#     to set the Java Heap base and to place the Java Heap above 4GB virtual address.
# This output file may be truncated or incomplete.
#
#  Out of Memory Error (arena.cpp:168), pid=17396, tid=14220
#
# JRE version: OpenJDK Runtime Environment JBR-21.0.6+9-895.109-jcef (21.0.6+9) (build 21.0.6+9-b895.109)
# Java VM: OpenJDK 64-Bit Server VM JBR-21.0.6+9-895.109-jcef (21.0.6+9-b895.109, mixed mode, sharing, tiered, compressed oops, compressed class ptrs, g1 gc, windows-amd64)
# No core dump will be written. Minidumps are not enabled by default on client versions of Windows
#

---------------  S U M M A R Y ------------

Command Line: -Djava.rmi.server.hostname=127.0.0.1 -Duser.timezone=UTC -Xmx2048m -Xms128m -Djdbc.classpath=C:\Users\USER\AppData\Local\Temp\RemoteDriver.classpath.txt --add-exports=java.desktop/sun.awt=ALL-UNNAMED --add-exports=java.desktop/java.awt.peer=ALL-UNNAMED --add-opens=java.desktop/java.awt=ALL-UNNAMED --add-opens=jdk.unsupported/sun.misc=ALL-UNNAMED --add-opens=java.base/java.nio=ALL-UNNAMED --add-opens=java.base/java.util=ALL-UNNAMED -Dfile.encoding=UTF-8 -Dsun.stdout.encoding=UTF-8 -Dsun.stderr.encoding=UTF-8 com.intellij.database.remote.RemoteJdbcServer com.mysql.cj.jdbc.Driver

Host: AMD Ryzen 5 5600 6-Core Processor              , 12 cores, 15G,  Windows 10 , 64 bit Build 19041 (10.0.19041.5915)
Time: Sat Jul  5 03:26:10 2025 Hora est. Pacífico, Sudamérica elapsed time: 9300.601080 seconds (0d 2h 35m 0s)

---------------  T H R E A D  ---------------

Current thread (0x00000217feb17260):  JavaThread "C1 CompilerThread0" daemon [_thread_in_native, id=14220, stack(0x000000cab1d00000,0x000000cab1e00000) (1024K)]


Current CompileTask:
C1:9300601 2610   !   3       java.net.Socket::
[error occurred during error reporting (printing current compile task), id 0xe0000001, Out of Memory Error (s\src\hotspot\share\memory\arena.cpp:168)]
Stack: [0x000000cab1d00000,0x000000cab1e00000]
Native frames: (J=compiled Java code, j=interpreted, Vv=VM code, C=native code)
V  [jvm.dll+0x6e5cb9]
V  [jvm.dll+0x8c4113]
V  [jvm.dll+0x8c666e]
V  [jvm.dll+0x8c6d53]
V  [jvm.dll+0x288f76]
V  [jvm.dll+0xc66dd]
V  [jvm.dll+0xc6c13]
V  [jvm.dll+0x82df1d]
V  [jvm.dll+0x695db5]
V  [jvm.dll+0x263717]
V  [jvm.dll+0x263ca7]
V  [jvm.dll+0x8c3f89]
V  [jvm.dll+0x8c666e]
V  [jvm.dll+0x8c6d53]
V  [jvm.dll+0x288f76]
V  [jvm.dll+0xc66dd]
V  [jvm.dll+0xc6c13]
V  [jvm.dll+0x19914b]
V  [jvm.dll+0x136d4f]
V  [jvm.dll+0x6a640d]
V  [jvm.dll+0x136398]
V  [jvm.dll+0x180c1e]
V  [jvm.dll+0x185aad]
V  [jvm.dll+0x18192e]
V  [jvm.dll+0x16f7c0]
V  [jvm.dll+0x1577f7]
V  [jvm.dll+0x157128]
V  [jvm.dll+0x157366]
V  [jvm.dll+0x1566df]
V  [jvm.dll+0x158501]
V  [jvm.dll+0x25f60c]
V  [jvm.dll+0x25db56]
V  [jvm.dll+0x3ff796]
V  [jvm.dll+0x86bc68]
V  [jvm.dll+0x6e44bd]
C  [ucrtbase.dll+0x21bb2]
C  [KERNEL32.DLL+0x17374]
C  [ntdll.dll+0x4cc91]


---------------  P R O C E S S  ---------------

Threads class SMR info:
_java_thread_list=0x00000217ff416ef0, length=20, elements={
0x00000217f2db4c20, 0x00000217feb03c40, 0x00000217feb04d00, 0x00000217feb08b80,
0x00000217feb095d0, 0x00000217feb0a450, 0x00000217feb0b200, 0x00000217feb0ce70,
0x00000217feb17260, 0x00000217fed91f60, 0x00000217fed8eae0, 0x00000217fed90bb0,
0x00000217fed8f800, 0x00000217fed8f170, 0x00000217fed90520, 0x00000217fed918d0,
0x00000217fed91240, 0x00000217ff4c0500, 0x00000217ff4c1220, 0x00000217ff4c60e0
}

Java Threads: ( => current thread )
  0x00000217f2db4c20 JavaThread "main"                              [_thread_blocked, id=288, stack(0x000000cab0e00000,0x000000cab0f00000) (1024K)]
  0x00000217feb03c40 JavaThread "Reference Handler"          daemon [_thread_blocked, id=14608, stack(0x000000cab1600000,0x000000cab1700000) (1024K)]
  0x00000217feb04d00 JavaThread "Finalizer"                  daemon [_thread_blocked, id=2472, stack(0x000000cab1700000,0x000000cab1800000) (1024K)]
  0x00000217feb08b80 JavaThread "Signal Dispatcher"          daemon [_thread_blocked, id=11092, stack(0x000000cab1800000,0x000000cab1900000) (1024K)]
  0x00000217feb095d0 JavaThread "Attach Listener"            daemon [_thread_blocked, id=9276, stack(0x000000cab1900000,0x000000cab1a00000) (1024K)]
  0x00000217feb0a450 JavaThread "Service Thread"             daemon [_thread_blocked, id=3276, stack(0x000000cab1a00000,0x000000cab1b00000) (1024K)]
  0x00000217feb0b200 JavaThread "Monitor Deflation Thread"   daemon [_thread_blocked, id=4016, stack(0x000000cab1b00000,0x000000cab1c00000) (1024K)]
  0x00000217feb0ce70 JavaThread "C2 CompilerThread0"         daemon [_thread_blocked, id=9500, stack(0x000000cab1c00000,0x000000cab1d00000) (1024K)]
=>0x00000217feb17260 JavaThread "C1 CompilerThread0"         daemon [_thread_in_native, id=14220, stack(0x000000cab1d00000,0x000000cab1e00000) (1024K)]
  0x00000217fed91f60 JavaThread "Common-Cleaner"             daemon [_thread_blocked, id=17552, stack(0x000000cab1e00000,0x000000cab1f00000) (1024K)]
  0x00000217fed8eae0 JavaThread "Notification Thread"        daemon [_thread_blocked, id=20424, stack(0x000000cab1f00000,0x000000cab2000000) (1024K)]
  0x00000217fed90bb0 JavaThread "mysql-cj-abandoned-connection-cleanup" daemon [_thread_blocked, id=8488, stack(0x000000cab2100000,0x000000cab2200000) (1024K)]
  0x00000217fed8f800 JavaThread "RMI TCP Accept-36647"       daemon [_thread_in_native, id=11580, stack(0x000000cab2200000,0x000000cab2300000) (1024K)]
  0x00000217fed8f170 JavaThread "RMI TCP Accept-0"           daemon [_thread_in_native, id=15804, stack(0x000000cab2300000,0x000000cab2400000) (1024K)]
  0x00000217fed90520 JavaThread "RMI Reaper"                        [_thread_blocked, id=5456, stack(0x000000cab2400000,0x000000cab2500000) (1024K)]
  0x00000217fed918d0 JavaThread "RMI GC Daemon"              daemon [_thread_blocked, id=22660, stack(0x000000cab2500000,0x000000cab2600000) (1024K)]
  0x00000217fed91240 JavaThread "RMI TCP Connection(idle)"   daemon [_thread_blocked, id=7452, stack(0x000000cab2600000,0x000000cab2700000) (1024K)]
  0x00000217ff4c0500 JavaThread "RMI Scheduler(0)"           daemon [_thread_blocked, id=3644, stack(0x000000cab2800000,0x000000cab2900000) (1024K)]
  0x00000217ff4c1220 JavaThread "RMI TCP Connection(idle)"   daemon [_thread_blocked, id=3364, stack(0x000000cab2900000,0x000000cab2a00000) (1024K)]
  0x00000217ff4c60e0 JavaThread "RMI RenewClean-[127.0.0.1:63521]" daemon [_thread_blocked, id=15916, stack(0x000000cab2b00000,0x000000cab2c00000) (1024K)]
Total: 20

Other Threads:
  0x00000217feae6cc0 VMThread "VM Thread"                           [id=9960, stack(0x000000cab1500000,0x000000cab1600000) (1024K)]
  0x00000217fead0310 WatcherThread "VM Periodic Task Thread"        [id=11040, stack(0x000000cab1400000,0x000000cab1500000) (1024K)]
  0x00000217f517cf50 WorkerThread "GC Thread#0"                     [id=12188, stack(0x000000cab0f00000,0x000000cab1000000) (1024K)]
  0x00000217ff51f620 WorkerThread "GC Thread#1"                     [id=16852, stack(0x000000cab2c00000,0x000000cab2d00000) (1024K)]
  0x00000217ff51f9c0 WorkerThread "GC Thread#2"                     [id=10256, stack(0x000000cab2d00000,0x000000cab2e00000) (1024K)]
  0x00000217ff530980 WorkerThread "GC Thread#3"                     [id=8804, stack(0x000000cab2e00000,0x000000cab2f00000) (1024K)]
  0x00000217ff5b4000 WorkerThread "GC Thread#4"                     [id=17148, stack(0x000000cab2f00000,0x000000cab3000000) (1024K)]
  0x00000217ff5b43a0 WorkerThread "GC Thread#5"                     [id=16020, stack(0x000000cab3000000,0x000000cab3100000) (1024K)]
  0x00000217ff5b5220 WorkerThread "GC Thread#6"                     [id=19948, stack(0x000000cab3100000,0x000000cab3200000) (1024K)]
  0x00000217ff5b4e80 WorkerThread "GC Thread#7"                     [id=12124, stack(0x000000cab3200000,0x000000cab3300000) (1024K)]
  0x00000217ff5b4740 WorkerThread "GC Thread#8"                     [id=23572, stack(0x000000cab3300000,0x000000cab3400000) (1024K)]
  0x00000217ff5b55c0 WorkerThread "GC Thread#9"                     [id=11480, stack(0x000000cab3400000,0x000000cab3500000) (1024K)]
  0x00000217f518e800 ConcurrentGCThread "G1 Main Marker"            [id=19544, stack(0x000000cab1000000,0x000000cab1100000) (1024K)]
  0x00000217f518f9b0 WorkerThread "G1 Conc#0"                       [id=22056, stack(0x000000cab1100000,0x000000cab1200000) (1024K)]
  0x00000217f51ee030 ConcurrentGCThread "G1 Refine#0"               [id=21488, stack(0x000000cab1200000,0x000000cab1300000) (1024K)]
  0x00000217f51eeab0 ConcurrentGCThread "G1 Service"                [id=7472, stack(0x000000cab1300000,0x000000cab1400000) (1024K)]
Total: 16

Threads with active compile tasks:
C1 CompilerThread0  9300627 2610   !   3      
[error occurred during error reporting (printing all threads), id 0xe0000001, Out of Memory Error (s\src\hotspot\share\memory\arena.cpp:168)]
VM state: not at safepoint (normal execution)

VM Mutex/Monitor currently owned by a thread: None

Heap address: 0x0000000080000000, size: 2048 MB, Compressed Oops mode: 32-bit

CDS archive(s) mapped at: [0x000002178f000000-0x000002178fd00000-0x000002178fd00000), size 13631488, SharedBaseAddress: 0x000002178f000000, ArchiveRelocationMode: 1.
Compressed class space mapped at: 0x0000021790000000-0x00000217d0000000, reserved size: 1073741824
Narrow klass base: 0x000002178f000000, Narrow klass shift: 0, Narrow klass range: 0x100000000

GC Precious Log:
 CardTable entry size: 512
 Card Set container configuration: InlinePtr #cards 5 size 8 Array Of Cards #cards 12 size 40 Howl #buckets 4 coarsen threshold 1843 Howl Bitmap #cards 512 size 80 coarsen threshold 460 Card regions per heap region 1 cards per card region 2048
 CPUs: 12 total, 12 available
 Memory: 16310M
 Large Page Support: Disabled
 NUMA Support: Disabled
 Compressed Oops: Enabled (32-bit)
 Heap Region Size: 1M
 Heap Min Capacity: 128M
 Heap Initial Capacity: 128M
 Heap Max Capacity: 2G
 Pre-touch: Disabled
 Parallel Workers: 10
 Concurrent Workers: 3
 Concurrent Refinement Workers: 10
 Periodic GC: Disabled

Heap:
 garbage-first heap   total 131072K, used 13791K [0x0000000080000000, 0x0000000100000000)
  region size 1024K, 4 young (4096K), 0 survivors (0K)
 Metaspace       used 12751K, committed 13568K, reserved 1114112K
  class space    used 1401K, committed 1728K, reserved 1048576K

Heap Regions: E=young(eden), S=young(survivor), O=old, HS=humongous(starts), HC=humongous(continues), CS=collection set, F=free, TAMS=top-at-mark-start, PB=parsable bottom
|   0|0x0000000080000000, 0x0000000080100000, 0x0000000080100000|100%|HS|  |TAMS 0x0000000080000000| PB 0x0000000080000000| Untracked 
|   1|0x0000000080100000, 0x0000000080200000, 0x0000000080200000|100%|HC|  |TAMS 0x0000000080100000| PB 0x0000000080100000| Untracked 
|   2|0x0000000080200000, 0x0000000080300000, 0x0000000080300000|100%|HS|  |TAMS 0x0000000080200000| PB 0x0000000080200000| Untracked 
|   3|0x0000000080300000, 0x0000000080400000, 0x0000000080400000|100%|HS|  |TAMS 0x0000000080300000| PB 0x0000000080300000| Untracked 
|   4|0x0000000080400000, 0x0000000080500000, 0x0000000080500000|100%| O|  |TAMS 0x0000000080400000| PB 0x0000000080400000| Untracked 
|   5|0x0000000080500000, 0x00000000805fffe0, 0x0000000080600000| 99%| O|  |TAMS 0x0000000080500000| PB 0x0000000080500000| Untracked 
|   6|0x0000000080600000, 0x00000000806ffb48, 0x0000000080700000| 99%| O|  |TAMS 0x0000000080600000| PB 0x0000000080600000| Untracked 
|   7|0x0000000080700000, 0x00000000807ffff0, 0x0000000080800000| 99%| O|  |TAMS 0x0000000080700000| PB 0x0000000080700000| Untracked 
|   8|0x0000000080800000, 0x00000000808f0f38, 0x0000000080900000| 94%| O|  |TAMS 0x0000000080800000| PB 0x0000000080800000| Untracked 
|   9|0x0000000080900000, 0x0000000080a00000, 0x0000000080a00000|100%| O|  |TAMS 0x0000000080900000| PB 0x0000000080900000| Untracked 
|  10|0x0000000080a00000, 0x0000000080a4cec8, 0x0000000080b00000| 30%| O|  |TAMS 0x0000000080a00000| PB 0x0000000080a00000| Untracked 
|  11|0x0000000080b00000, 0x0000000080b00000, 0x0000000080c00000|  0%| F|  |TAMS 0x0000000080b00000| PB 0x0000000080b00000| Untracked 
|  12|0x0000000080c00000, 0x0000000080c3a5b8, 0x0000000080d00000| 22%| O|  |TAMS 0x0000000080c00000| PB 0x0000000080c00000| Untracked 
|  13|0x0000000080d00000, 0x0000000080d00000, 0x0000000080e00000|  0%| F|  |TAMS 0x0000000080d00000| PB 0x0000000080d00000| Untracked 
|  14|0x0000000080e00000, 0x0000000080e00000, 0x0000000080f00000|  0%| F|  |TAMS 0x0000000080e00000| PB 0x0000000080e00000| Untracked 
|  15|0x0000000080f00000, 0x0000000080f00000, 0x0000000081000000|  0%| F|  |TAMS 0x0000000080f00000| PB 0x0000000080f00000| Untracked 
|  16|0x0000000081000000, 0x0000000081000000, 0x0000000081100000|  0%| F|  |TAMS 0x0000000081000000| PB 0x0000000081000000| Untracked 
|  17|0x0000000081100000, 0x0000000081100000, 0x0000000081200000|  0%| F|  |TAMS 0x0000000081100000| PB 0x0000000081100000| Untracked 
|  18|0x0000000081200000, 0x0000000081200000, 0x0000000081300000|  0%| F|  |TAMS 0x0000000081200000| PB 0x0000000081200000| Untracked 
|  19|0x0000000081300000, 0x0000000081300000, 0x0000000081400000|  0%| F|  |TAMS 0x0000000081300000| PB 0x0000000081300000| Untracked 
|  20|0x0000000081400000, 0x0000000081400000, 0x0000000081500000|  0%| F|  |TAMS 0x0000000081400000| PB 0x0000000081400000| Untracked 
|  21|0x0000000081500000, 0x0000000081500000, 0x0000000081600000|  0%| F|  |TAMS 0x0000000081500000| PB 0x0000000081500000| Untracked 
|  22|0x0000000081600000, 0x0000000081600000, 0x0000000081700000|  0%| F|  |TAMS 0x0000000081600000| PB 0x0000000081600000| Untracked 
|  23|0x0000000081700000, 0x0000000081700000, 0x0000000081800000|  0%| F|  |TAMS 0x0000000081700000| PB 0x0000000081700000| Untracked 
|  24|0x0000000081800000, 0x0000000081800000, 0x0000000081900000|  0%| F|  |TAMS 0x0000000081800000| PB 0x0000000081800000| Untracked 
|  25|0x0000000081900000, 0x0000000081900000, 0x0000000081a00000|  0%| F|  |TAMS 0x0000000081900000| PB 0x0000000081900000| Untracked 
|  26|0x0000000081a00000, 0x0000000081a00000, 0x0000000081b00000|  0%| F|  |TAMS 0x0000000081a00000| PB 0x0000000081a00000| Untracked 
|  27|0x0000000081b00000, 0x0000000081b00000, 0x0000000081c00000|  0%| F|  |TAMS 0x0000000081b00000| PB 0x0000000081b00000| Untracked 
|  28|0x0000000081c00000, 0x0000000081c00000, 0x0000000081d00000|  0%| F|  |TAMS 0x0000000081c00000| PB 0x0000000081c00000| Untracked 
|  29|0x0000000081d00000, 0x0000000081d00000, 0x0000000081e00000|  0%| F|  |TAMS 0x0000000081d00000| PB 0x0000000081d00000| Untracked 
|  30|0x0000000081e00000, 0x0000000081e00000, 0x0000000081f00000|  0%| F|  |TAMS 0x0000000081e00000| PB 0x0000000081e00000| Untracked 
|  31|0x0000000081f00000, 0x0000000081f00000, 0x0000000082000000|  0%| F|  |TAMS 0x0000000081f00000| PB 0x0000000081f00000| Untracked 
|  32|0x0000000082000000, 0x0000000082000000, 0x0000000082100000|  0%| F|  |TAMS 0x0000000082000000| PB 0x0000000082000000| Untracked 
|  33|0x0000000082100000, 0x0000000082100000, 0x0000000082200000|  0%| F|  |TAMS 0x0000000082100000| PB 0x0000000082100000| Untracked 
|  34|0x0000000082200000, 0x0000000082200000, 0x0000000082300000|  0%| F|  |TAMS 0x0000000082200000| PB 0x0000000082200000| Untracked 
|  35|0x0000000082300000, 0x0000000082300000, 0x0000000082400000|  0%| F|  |TAMS 0x0000000082300000| PB 0x0000000082300000| Untracked 
|  36|0x0000000082400000, 0x0000000082400000, 0x0000000082500000|  0%| F|  |TAMS 0x0000000082400000| PB 0x0000000082400000| Untracked 
|  37|0x0000000082500000, 0x0000000082500000, 0x0000000082600000|  0%| F|  |TAMS 0x0000000082500000| PB 0x0000000082500000| Untracked 
|  38|0x0000000082600000, 0x0000000082600000, 0x0000000082700000|  0%| F|  |TAMS 0x0000000082600000| PB 0x0000000082600000| Untracked 
|  39|0x0000000082700000, 0x0000000082700000, 0x0000000082800000|  0%| F|  |TAMS 0x0000000082700000| PB 0x0000000082700000| Untracked 
|  40|0x0000000082800000, 0x0000000082800000, 0x0000000082900000|  0%| F|  |TAMS 0x0000000082800000| PB 0x0000000082800000| Untracked 
|  41|0x0000000082900000, 0x0000000082900000, 0x0000000082a00000|  0%| F|  |TAMS 0x0000000082900000| PB 0x0000000082900000| Untracked 
|  42|0x0000000082a00000, 0x0000000082a00000, 0x0000000082b00000|  0%| F|  |TAMS 0x0000000082a00000| PB 0x0000000082a00000| Untracked 
|  43|0x0000000082b00000, 0x0000000082b00000, 0x0000000082c00000|  0%| F|  |TAMS 0x0000000082b00000| PB 0x0000000082b00000| Untracked 
|  44|0x0000000082c00000, 0x0000000082c00000, 0x0000000082d00000|  0%| F|  |TAMS 0x0000000082c00000| PB 0x0000000082c00000| Untracked 
|  45|0x0000000082d00000, 0x0000000082d00000, 0x0000000082e00000|  0%| F|  |TAMS 0x0000000082d00000| PB 0x0000000082d00000| Untracked 
|  46|0x0000000082e00000, 0x0000000082e00000, 0x0000000082f00000|  0%| F|  |TAMS 0x0000000082e00000| PB 0x0000000082e00000| Untracked 
|  47|0x0000000082f00000, 0x0000000082f00000, 0x0000000083000000|  0%| F|  |TAMS 0x0000000082f00000| PB 0x0000000082f00000| Untracked 
|  48|0x0000000083000000, 0x0000000083000000, 0x0000000083100000|  0%| F|  |TAMS 0x0000000083000000| PB 0x0000000083000000| Untracked 
|  49|0x0000000083100000, 0x0000000083100000, 0x0000000083200000|  0%| F|  |TAMS 0x0000000083100000| PB 0x0000000083100000| Untracked 
|  50|0x0000000083200000, 0x0000000083200000, 0x0000000083300000|  0%| F|  |TAMS 0x0000000083200000| PB 0x0000000083200000| Untracked 
|  51|0x0000000083300000, 0x0000000083300000, 0x0000000083400000|  0%| F|  |TAMS 0x0000000083300000| PB 0x0000000083300000| Untracked 
|  52|0x0000000083400000, 0x0000000083400000, 0x0000000083500000|  0%| F|  |TAMS 0x0000000083400000| PB 0x0000000083400000| Untracked 
|  53|0x0000000083500000, 0x0000000083500000, 0x0000000083600000|  0%| F|  |TAMS 0x0000000083500000| PB 0x0000000083500000| Untracked 
|  54|0x0000000083600000, 0x0000000083600000, 0x0000000083700000|  0%| F|  |TAMS 0x0000000083600000| PB 0x0000000083600000| Untracked 
|  55|0x0000000083700000, 0x0000000083700000, 0x0000000083800000|  0%| F|  |TAMS 0x0000000083700000| PB 0x0000000083700000| Untracked 
|  56|0x0000000083800000, 0x0000000083800000, 0x0000000083900000|  0%| F|  |TAMS 0x0000000083800000| PB 0x0000000083800000| Untracked 
|  57|0x0000000083900000, 0x0000000083900000, 0x0000000083a00000|  0%| F|  |TAMS 0x0000000083900000| PB 0x0000000083900000| Untracked 
|  58|0x0000000083a00000, 0x0000000083a00000, 0x0000000083b00000|  0%| F|  |TAMS 0x0000000083a00000| PB 0x0000000083a00000| Untracked 
|  59|0x0000000083b00000, 0x0000000083b00000, 0x0000000083c00000|  0%| F|  |TAMS 0x0000000083b00000| PB 0x0000000083b00000| Untracked 
|  60|0x0000000083c00000, 0x0000000083c00000, 0x0000000083d00000|  0%| F|  |TAMS 0x0000000083c00000| PB 0x0000000083c00000| Untracked 
|  61|0x0000000083d00000, 0x0000000083d00000, 0x0000000083e00000|  0%| F|  |TAMS 0x0000000083d00000| PB 0x0000000083d00000| Untracked 
|  62|0x0000000083e00000, 0x0000000083e00000, 0x0000000083f00000|  0%| F|  |TAMS 0x0000000083e00000| PB 0x0000000083e00000| Untracked 
|  63|0x0000000083f00000, 0x0000000083f00000, 0x0000000084000000|  0%| F|  |TAMS 0x0000000083f00000| PB 0x0000000083f00000| Untracked 
|  64|0x0000000084000000, 0x0000000084000000, 0x0000000084100000|  0%| F|  |TAMS 0x0000000084000000| PB 0x0000000084000000| Untracked 
|  65|0x0000000084100000, 0x0000000084100000, 0x0000000084200000|  0%| F|  |TAMS 0x0000000084100000| PB 0x0000000084100000| Untracked 
|  66|0x0000000084200000, 0x0000000084200000, 0x0000000084300000|  0%| F|  |TAMS 0x0000000084200000| PB 0x0000000084200000| Untracked 
|  67|0x0000000084300000, 0x0000000084300000, 0x0000000084400000|  0%| F|  |TAMS 0x0000000084300000| PB 0x0000000084300000| Untracked 
|  68|0x0000000084400000, 0x0000000084400000, 0x0000000084500000|  0%| F|  |TAMS 0x0000000084400000| PB 0x0000000084400000| Untracked 
|  69|0x0000000084500000, 0x0000000084500000, 0x0000000084600000|  0%| F|  |TAMS 0x0000000084500000| PB 0x0000000084500000| Untracked 
|  70|0x0000000084600000, 0x0000000084600000, 0x0000000084700000|  0%| F|  |TAMS 0x0000000084600000| PB 0x0000000084600000| Untracked 
|  71|0x0000000084700000, 0x0000000084700000, 0x0000000084800000|  0%| F|  |TAMS 0x0000000084700000| PB 0x0000000084700000| Untracked 
|  72|0x0000000084800000, 0x0000000084800000, 0x0000000084900000|  0%| F|  |TAMS 0x0000000084800000| PB 0x0000000084800000| Untracked 
|  73|0x0000000084900000, 0x0000000084900000, 0x0000000084a00000|  0%| F|  |TAMS 0x0000000084900000| PB 0x0000000084900000| Untracked 
|  74|0x0000000084a00000, 0x0000000084a00000, 0x0000000084b00000|  0%| F|  |TAMS 0x0000000084a00000| PB 0x0000000084a00000| Untracked 
|  75|0x0000000084b00000, 0x0000000084b00000, 0x0000000084c00000|  0%| F|  |TAMS 0x0000000084b00000| PB 0x0000000084b00000| Untracked 
|  76|0x0000000084c00000, 0x0000000084c00000, 0x0000000084d00000|  0%| F|  |TAMS 0x0000000084c00000| PB 0x0000000084c00000| Untracked 
|  77|0x0000000084d00000, 0x0000000084d00000, 0x0000000084e00000|  0%| F|  |TAMS 0x0000000084d00000| PB 0x0000000084d00000| Untracked 
|  78|0x0000000084e00000, 0x0000000084e00000, 0x0000000084f00000|  0%| F|  |TAMS 0x0000000084e00000| PB 0x0000000084e00000| Untracked 
|  79|0x0000000084f00000, 0x0000000084f00000, 0x0000000085000000|  0%| F|  |TAMS 0x0000000084f00000| PB 0x0000000084f00000| Untracked 
|  80|0x0000000085000000, 0x0000000085000000, 0x0000000085100000|  0%| F|  |TAMS 0x0000000085000000| PB 0x0000000085000000| Untracked 
|  81|0x0000000085100000, 0x0000000085100000, 0x0000000085200000|  0%| F|  |TAMS 0x0000000085100000| PB 0x0000000085100000| Untracked 
|  82|0x0000000085200000, 0x0000000085200000, 0x0000000085300000|  0%| F|  |TAMS 0x0000000085200000| PB 0x0000000085200000| Untracked 
|  83|0x0000000085300000, 0x0000000085300000, 0x0000000085400000|  0%| F|  |TAMS 0x0000000085300000| PB 0x0000000085300000| Untracked 
|  84|0x0000000085400000, 0x0000000085400000, 0x0000000085500000|  0%| F|  |TAMS 0x0000000085400000| PB 0x0000000085400000| Untracked 
|  85|0x0000000085500000, 0x0000000085500000, 0x0000000085600000|  0%| F|  |TAMS 0x0000000085500000| PB 0x0000000085500000| Untracked 
|  86|0x0000000085600000, 0x0000000085600000, 0x0000000085700000|  0%| F|  |TAMS 0x0000000085600000| PB 0x0000000085600000| Untracked 
|  87|0x0000000085700000, 0x0000000085700000, 0x0000000085800000|  0%| F|  |TAMS 0x0000000085700000| PB 0x0000000085700000| Untracked 
|  88|0x0000000085800000, 0x0000000085800000, 0x0000000085900000|  0%| F|  |TAMS 0x0000000085800000| PB 0x0000000085800000| Untracked 
|  89|0x0000000085900000, 0x0000000085900000, 0x0000000085a00000|  0%| F|  |TAMS 0x0000000085900000| PB 0x0000000085900000| Untracked 
|  90|0x0000000085a00000, 0x0000000085a00000, 0x0000000085b00000|  0%| F|  |TAMS 0x0000000085a00000| PB 0x0000000085a00000| Untracked 
|  91|0x0000000085b00000, 0x0000000085b00000, 0x0000000085c00000|  0%| F|  |TAMS 0x0000000085b00000| PB 0x0000000085b00000| Untracked 
|  92|0x0000000085c00000, 0x0000000085c00000, 0x0000000085d00000|  0%| F|  |TAMS 0x0000000085c00000| PB 0x0000000085c00000| Untracked 
|  93|0x0000000085d00000, 0x0000000085d00000, 0x0000000085e00000|  0%| F|  |TAMS 0x0000000085d00000| PB 0x0000000085d00000| Untracked 
|  94|0x0000000085e00000, 0x0000000085e00000, 0x0000000085f00000|  0%| F|  |TAMS 0x0000000085e00000| PB 0x0000000085e00000| Untracked 
|  95|0x0000000085f00000, 0x0000000085f00000, 0x0000000086000000|  0%| F|  |TAMS 0x0000000085f00000| PB 0x0000000085f00000| Untracked 
|  96|0x0000000086000000, 0x0000000086000000, 0x0000000086100000|  0%| F|  |TAMS 0x0000000086000000| PB 0x0000000086000000| Untracked 
|  97|0x0000000086100000, 0x0000000086100000, 0x0000000086200000|  0%| F|  |TAMS 0x0000000086100000| PB 0x0000000086100000| Untracked 
|  98|0x0000000086200000, 0x0000000086200000, 0x0000000086300000|  0%| F|  |TAMS 0x0000000086200000| PB 0x0000000086200000| Untracked 
|  99|0x0000000086300000, 0x0000000086300000, 0x0000000086400000|  0%| F|  |TAMS 0x0000000086300000| PB 0x0000000086300000| Untracked 
| 100|0x0000000086400000, 0x0000000086400000, 0x0000000086500000|  0%| F|  |TAMS 0x0000000086400000| PB 0x0000000086400000| Untracked 
| 101|0x0000000086500000, 0x0000000086500000, 0x0000000086600000|  0%| F|  |TAMS 0x0000000086500000| PB 0x0000000086500000| Untracked 
| 102|0x0000000086600000, 0x0000000086600000, 0x0000000086700000|  0%| F|  |TAMS 0x0000000086600000| PB 0x0000000086600000| Untracked 
| 103|0x0000000086700000, 0x0000000086700000, 0x0000000086800000|  0%| F|  |TAMS 0x0000000086700000| PB 0x0000000086700000| Untracked 
| 104|0x0000000086800000, 0x0000000086800000, 0x0000000086900000|  0%| F|  |TAMS 0x0000000086800000| PB 0x0000000086800000| Untracked 
| 105|0x0000000086900000, 0x0000000086900000, 0x0000000086a00000|  0%| F|  |TAMS 0x0000000086900000| PB 0x0000000086900000| Untracked 
| 106|0x0000000086a00000, 0x0000000086a00000, 0x0000000086b00000|  0%| F|  |TAMS 0x0000000086a00000| PB 0x0000000086a00000| Untracked 
| 107|0x0000000086b00000, 0x0000000086b00000, 0x0000000086c00000|  0%| F|  |TAMS 0x0000000086b00000| PB 0x0000000086b00000| Untracked 
| 108|0x0000000086c00000, 0x0000000086c00000, 0x0000000086d00000|  0%| F|  |TAMS 0x0000000086c00000| PB 0x0000000086c00000| Untracked 
| 109|0x0000000086d00000, 0x0000000086d00000, 0x0000000086e00000|  0%| F|  |TAMS 0x0000000086d00000| PB 0x0000000086d00000| Untracked 
| 110|0x0000000086e00000, 0x0000000086e00000, 0x0000000086f00000|  0%| F|  |TAMS 0x0000000086e00000| PB 0x0000000086e00000| Untracked 
| 111|0x0000000086f00000, 0x0000000086f00000, 0x0000000087000000|  0%| F|  |TAMS 0x0000000086f00000| PB 0x0000000086f00000| Untracked 
| 112|0x0000000087000000, 0x0000000087000000, 0x0000000087100000|  0%| F|  |TAMS 0x0000000087000000| PB 0x0000000087000000| Untracked 
| 113|0x0000000087100000, 0x0000000087100000, 0x0000000087200000|  0%| F|  |TAMS 0x0000000087100000| PB 0x0000000087100000| Untracked 
| 114|0x0000000087200000, 0x0000000087200000, 0x0000000087300000|  0%| F|  |TAMS 0x0000000087200000| PB 0x0000000087200000| Untracked 
| 115|0x0000000087300000, 0x0000000087300000, 0x0000000087400000|  0%| F|  |TAMS 0x0000000087300000| PB 0x0000000087300000| Untracked 
| 116|0x0000000087400000, 0x0000000087400000, 0x0000000087500000|  0%| F|  |TAMS 0x0000000087400000| PB 0x0000000087400000| Untracked 
| 117|0x0000000087500000, 0x0000000087500000, 0x0000000087600000|  0%| F|  |TAMS 0x0000000087500000| PB 0x0000000087500000| Untracked 
| 118|0x0000000087600000, 0x0000000087600000, 0x0000000087700000|  0%| F|  |TAMS 0x0000000087600000| PB 0x0000000087600000| Untracked 
| 119|0x0000000087700000, 0x0000000087700000, 0x0000000087800000|  0%| F|  |TAMS 0x0000000087700000| PB 0x0000000087700000| Untracked 
| 120|0x0000000087800000, 0x0000000087800000, 0x0000000087900000|  0%| F|  |TAMS 0x0000000087800000| PB 0x0000000087800000| Untracked 
| 121|0x0000000087900000, 0x0000000087900000, 0x0000000087a00000|  0%| F|  |TAMS 0x0000000087900000| PB 0x0000000087900000| Untracked 
| 122|0x0000000087a00000, 0x0000000087a00000, 0x0000000087b00000|  0%| F|  |TAMS 0x0000000087a00000| PB 0x0000000087a00000| Untracked 
| 123|0x0000000087b00000, 0x0000000087b00000, 0x0000000087c00000|  0%| F|  |TAMS 0x0000000087b00000| PB 0x0000000087b00000| Untracked 
| 124|0x0000000087c00000, 0x0000000087cc7f80, 0x0000000087d00000| 78%| E|  |TAMS 0x0000000087c00000| PB 0x0000000087c00000| Complete 
| 125|0x0000000087d00000, 0x0000000087e00000, 0x0000000087e00000|100%| E|CS|TAMS 0x0000000087d00000| PB 0x0000000087d00000| Complete 
| 126|0x0000000087e00000, 0x0000000087f00000, 0x0000000087f00000|100%| E|CS|TAMS 0x0000000087e00000| PB 0x0000000087e00000| Complete 
| 127|0x0000000087f00000, 0x0000000088000000, 0x0000000088000000|100%| E|CS|TAMS 0x0000000087f00000| PB 0x0000000087f00000| Complete 

Card table byte_map: [0x00000217f9ab0000,0x00000217f9eb0000] _byte_map_base: 0x00000217f96b0000

Marking Bits: (CMBitMap*) 0x00000217f517d560
 Bits: [0x00000217f9eb0000, 0x00000217fbeb0000)

Polling page: 0x00000217f30e0000

Metaspace:

Usage:
  Non-class:     11.08 MB used.
      Class:      1.37 MB used.
       Both:     12.45 MB used.

Virtual space:
  Non-class space:       64.00 MB reserved,      11.56 MB ( 18%) committed,  1 nodes.
      Class space:        1.00 GB reserved,       1.69 MB ( <1%) committed,  1 nodes.
             Both:        1.06 GB reserved,      13.25 MB (  1%) committed. 

Chunk freelists:
   Non-Class:  4.39 MB
       Class:  14.37 MB
        Both:  18.76 MB

MaxMetaspaceSize: unlimited
CompressedClassSpaceSize: 1.00 GB
Initial GC threshold: 21.00 MB
Current GC threshold: 22.00 MB
CDS: on
 - commit_granule_bytes: 65536.
 - commit_granule_words: 8192.
 - virtual_space_node_default_size: 8388608.
 - enlarge_chunks_in_place: 1.
 - use_allocation_guard: 0.


Internal statistics:

num_allocs_failed_limit: 0.
num_arena_births: 568.
num_arena_deaths: 252.
num_vsnodes_births: 2.
num_vsnodes_deaths: 0.
num_space_committed: 212.
num_space_uncommitted: 0.
num_chunks_returned_to_freelist: 348.
num_chunks_taken_from_freelist: 1036.
num_chunk_merges: 81.
num_chunk_splits: 618.
num_chunks_enlarged: 253.
num_inconsistent_stats: 0.

CodeHeap 'non-profiled nmethods': size=120000Kb used=1065Kb max_used=1114Kb free=118934Kb
 bounds [0x0000021787ad0000, 0x0000021787d40000, 0x000002178f000000]
CodeHeap 'profiled nmethods': size=120000Kb used=4450Kb max_used=5093Kb free=115549Kb
 bounds [0x0000021780000000, 0x0000021780500000, 0x0000021787530000]
CodeHeap 'non-nmethods': size=5760Kb used=1460Kb max_used=1510Kb free=4300Kb
 bounds [0x0000021787530000, 0x00000217877a0000, 0x0000021787ad0000]
 total_blobs=2851 nmethods=2308 adapters=447
 compilation: enabled
              stopped_count=0, restarted_count=0
 full_count=0

Compilation events (20 events):
Event: 8700.493 Thread 0x00000217feb17260 nmethod 2597 0x0000021787b55490 code [0x0000021787b55620, 0x0000021787b556e8]
Event: 8770.014 Thread 0x00000217feb0ce70 2601       4       java.io.FilterInputStream::read (8 bytes)
Event: 8770.027 Thread 0x00000217feb0ce70 nmethod 2601 0x0000021787b5fb10 code [0x0000021787b5fd40, 0x0000021787b60598]
Event: 8797.022 Thread 0x00000217feb0ce70 2602   !   4       java.io.BufferedOutputStream::write (62 bytes)
Event: 8797.026 Thread 0x00000217feb0ce70 nmethod 2602 0x0000021787aed210 code [0x0000021787aed400, 0x0000021787aed998]
Event: 8869.036 Thread 0x00000217feb0ce70 2603       4       java.lang.String::<init> (99 bytes)
Event: 8869.043 Thread 0x00000217feb0ce70 nmethod 2603 0x0000021787ada690 code [0x0000021787ada880, 0x0000021787adb090]
Event: 8870.950 Thread 0x00000217feb0ce70 2604       4       jdk.internal.loader.URLClassPath$JarLoader::findResource (18 bytes)
Event: 8870.958 Thread 0x00000217feb0ce70 nmethod 2604 0x0000021787b5d790 code [0x0000021787b5d960, 0x0000021787b5dc28]
Event: 8960.964 Thread 0x00000217feb0ce70 2605       4       java.util.concurrent.locks.ReentrantLock$Sync::isHeldExclusively (16 bytes)
Event: 8960.965 Thread 0x00000217feb0ce70 nmethod 2605 0x0000021787b5d490 code [0x0000021787b5d620, 0x0000021787b5d6e0]
Event: 9000.491 Thread 0x00000217feb17260 2606       3       sun.net.util.IPAddressUtil::parseAsciiDigit (63 bytes)
Event: 9000.493 Thread 0x00000217feb17260 nmethod 2606 0x0000021780028a90 code [0x0000021780028ca0, 0x0000021780029160]
Event: 9000.493 Thread 0x00000217feb17260 2607       3       java.io.DataInputStream::readUTF (5 bytes)
Event: 9000.493 Thread 0x00000217feb17260 nmethod 2607 0x0000021780041490 code [0x0000021780041640, 0x0000021780041778]
Event: 9300.492 Thread 0x00000217feb17260 2608       3       java.io.DataOutputStream::flush (8 bytes)
Event: 9300.493 Thread 0x00000217feb17260 nmethod 2608 0x0000021780026810 code [0x00000217800269c0, 0x0000021780026b98]
Event: 9300.567 Thread 0x00000217feb17260 2609       3       java.lang.Thread::onSpinWait (1 bytes)
Event: 9300.567 Thread 0x00000217feb17260 nmethod 2609 0x0000021780160290 code [0x0000021780160420, 0x0000021780160508]
Event: 9300.594 Thread 0x00000217feb17260 2610   !   3       java.net.Socket::getImpl (115 bytes)

GC Heap History (6 events):
Event: 0.511 GC heap before
{Heap before GC invocations=0 (full 0):
 garbage-first heap   total 131072K, used 27648K [0x0000000080000000, 0x0000000100000000)
  region size 1024K, 23 young (23552K), 0 survivors (0K)
 Metaspace       used 7972K, committed 8320K, reserved 1114112K
  class space    used 1009K, committed 1152K, reserved 1048576K
}
Event: 0.515 GC heap after
{Heap after GC invocations=1 (full 0):
 garbage-first heap   total 131072K, used 9152K [0x0000000080000000, 0x0000000100000000)
  region size 1024K, 3 young (3072K), 3 survivors (3072K)
 Metaspace       used 7972K, committed 8320K, reserved 1114112K
  class space    used 1009K, committed 1152K, reserved 1048576K
}
Event: 3600.012 GC heap before
{Heap before GC invocations=1 (full 0):
 garbage-first heap   total 131072K, used 32704K [0x0000000080000000, 0x0000000100000000)
  region size 1024K, 27 young (27648K), 3 survivors (3072K)
 Metaspace       used 13007K, committed 13504K, reserved 1114112K
  class space    used 1467K, committed 1728K, reserved 1048576K
}
Event: 3600.141 GC heap after
{Heap after GC invocations=2 (full 1):
 garbage-first heap   total 131072K, used 11397K [0x0000000080000000, 0x0000000100000000)
  region size 1024K, 0 young (0K), 0 survivors (0K)
 Metaspace       used 12953K, committed 13504K, reserved 1114112K
  class space    used 1454K, committed 1728K, reserved 1048576K
}
Event: 7200.145 GC heap before
{Heap before GC invocations=2 (full 1):
 garbage-first heap   total 131072K, used 17541K [0x0000000080000000, 0x0000000100000000)
  region size 1024K, 7 young (7168K), 0 survivors (0K)
 Metaspace       used 12955K, committed 13504K, reserved 1114112K
  class space    used 1454K, committed 1728K, reserved 1048576K
}
Event: 7200.270 GC heap after
{Heap after GC invocations=3 (full 2):
 garbage-first heap   total 131072K, used 10719K [0x0000000080000000, 0x0000000100000000)
  region size 1024K, 0 young (0K), 0 survivors (0K)
 Metaspace       used 12742K, committed 13504K, reserved 1114112K
  class space    used 1400K, committed 1728K, reserved 1048576K
}

Dll operation events (2 events):
Event: 0.007 Loaded shared library C:\Users\USER\AppData\Local\Programs\IntelliJ IDEA Ultimate\jbr\bin\java.dll
Event: 0.025 Loaded shared library C:\Users\USER\AppData\Local\Programs\IntelliJ IDEA Ultimate\jbr\bin\zip.dll

Deoptimization events (20 events):
Event: 9300.563 Thread 0x00000217fed91240 Uncommon trap: trap_request=0xffffff45 fr.pc=0x0000021787be496c relative=0x0000000000000f4c
Event: 9300.563 Thread 0x00000217fed91240 Uncommon trap: reason=unstable_if action=reinterpret pc=0x0000021787be496c method=sun.nio.ch.NioSocketImpl.implRead([BII)I @ 160 c2
Event: 9300.563 Thread 0x00000217fed91240 DEOPT PACKING pc=0x0000021787be496c sp=0x000000cab26ff050
Event: 9300.563 Thread 0x00000217fed91240 DEOPT UNPACKING pc=0x00000217875846a2 sp=0x000000cab26fee10 mode 2
Event: 9300.564 Thread 0x00000217ff4c1220 Uncommon trap: trap_request=0xffffff45 fr.pc=0x0000021787be496c relative=0x0000000000000f4c
Event: 9300.565 Thread 0x00000217ff4c1220 Uncommon trap: reason=unstable_if action=reinterpret pc=0x0000021787be496c method=sun.nio.ch.NioSocketImpl.implRead([BII)I @ 160 c2
Event: 9300.565 Thread 0x00000217fed91240 Uncommon trap: trap_request=0xffffff45 fr.pc=0x0000021787b603a8 relative=0x0000000000000668
Event: 9300.565 Thread 0x00000217fed91240 Uncommon trap: reason=unstable_if action=reinterpret pc=0x0000021787b603a8 method=java.io.BufferedInputStream.implRead()I @ 23 c2
Event: 9300.565 Thread 0x00000217fed91240 DEOPT PACKING pc=0x0000021787b603a8 sp=0x000000cab26ff100
Event: 9300.565 Thread 0x00000217fed91240 DEOPT UNPACKING pc=0x00000217875846a2 sp=0x000000cab26feff0 mode 2
Event: 9300.565 Thread 0x00000217ff4c1220 DEOPT PACKING pc=0x0000021787be496c sp=0x000000cab29fef00
Event: 9300.565 Thread 0x00000217ff4c1220 DEOPT UNPACKING pc=0x00000217875846a2 sp=0x000000cab29fecc0 mode 2
Event: 9300.565 Thread 0x00000217ff4c1220 Uncommon trap: trap_request=0xffffff45 fr.pc=0x0000021787b603a8 relative=0x0000000000000668
Event: 9300.565 Thread 0x00000217ff4c1220 Uncommon trap: reason=unstable_if action=reinterpret pc=0x0000021787b603a8 method=java.io.BufferedInputStream.implRead()I @ 23 c2
Event: 9300.565 Thread 0x00000217ff4c1220 DEOPT PACKING pc=0x0000021787b603a8 sp=0x000000cab29fefb0
Event: 9300.566 Thread 0x00000217ff4c1220 DEOPT UNPACKING pc=0x00000217875846a2 sp=0x000000cab29feea0 mode 2
Event: 9300.595 Thread 0x00000217ff4c60e0 Uncommon trap: trap_request=0xffffff45 fr.pc=0x0000021787b9d8c4 relative=0x0000000000000084
Event: 9300.595 Thread 0x00000217ff4c60e0 Uncommon trap: reason=unstable_if action=reinterpret pc=0x0000021787b9d8c4 method=java.io.BufferedInputStream.implRead()I @ 23 c2
Event: 9300.595 Thread 0x00000217ff4c60e0 DEOPT PACKING pc=0x0000021787b9d8c4 sp=0x000000cab2bfea40
Event: 9300.595 Thread 0x00000217ff4c60e0 DEOPT UNPACKING pc=0x00000217875846a2 sp=0x000000cab2bfe9f8 mode 2

Classes loaded (20 events):
Event: 0.928 Loading class java/io/Console
Event: 0.928 Loading class java/io/Console done
Event: 15.452 Loading class java/util/ArrayList$ListItr
Event: 15.452 Loading class java/util/ArrayList$ListItr done
Event: 682.852 Loading class java/security/SignatureException
Event: 682.852 Loading class java/security/SignatureException done
Event: 682.852 Loading class java/security/cert/CertificateException
Event: 682.852 Loading class java/security/cert/CertificateException done
Event: 682.852 Loading class javax/net/ssl/SSLSocket
Event: 682.852 Loading class javax/net/ssl/SSLSocket done
Event: 682.853 Loading class javax/crypto/NoSuchPaddingException
Event: 682.853 Loading class javax/crypto/NoSuchPaddingException done
Event: 682.853 Loading class javax/crypto/IllegalBlockSizeException
Event: 682.853 Loading class javax/crypto/IllegalBlockSizeException done
Event: 682.853 Loading class javax/crypto/BadPaddingException
Event: 682.853 Loading class javax/crypto/BadPaddingException done
Event: 9300.568 Loading class java/rmi/ConnectIOException
Event: 9300.571 Loading class java/rmi/ConnectIOException done
Event: 9300.590 Loading class java/rmi/UnmarshalException
Event: 9300.592 Loading class java/rmi/UnmarshalException done

Classes unloaded (20 events):
Event: 7200.180 Thread 0x00000217feae6cc0 Unloading class 0x0000021790092000 'java/lang/invoke/LambdaForm$MH+0x0000021790092000'
Event: 7200.180 Thread 0x00000217feae6cc0 Unloading class 0x0000021790091800 'java/lang/invoke/LambdaForm$MH+0x0000021790091800'
Event: 7200.180 Thread 0x00000217feae6cc0 Unloading class 0x0000021790090c00 'java/lang/invoke/LambdaForm$MH+0x0000021790090c00'
Event: 7200.180 Thread 0x00000217feae6cc0 Unloading class 0x0000021790090800 'java/lang/invoke/LambdaForm$MH+0x0000021790090800'
Event: 7200.180 Thread 0x00000217feae6cc0 Unloading class 0x0000021790090000 'java/lang/invoke/LambdaForm$MH+0x0000021790090000'
Event: 7200.180 Thread 0x00000217feae6cc0 Unloading class 0x000002179008f800 'java/lang/invoke/LambdaForm$DMH+0x000002179008f800'
Event: 7200.180 Thread 0x00000217feae6cc0 Unloading class 0x000002179008f000 'java/lang/invoke/LambdaForm$DMH+0x000002179008f000'
Event: 7200.180 Thread 0x00000217feae6cc0 Unloading class 0x000002179008dc00 'java/lang/invoke/LambdaForm$MH+0x000002179008dc00'
Event: 7200.180 Thread 0x00000217feae6cc0 Unloading class 0x000002179008d800 'java/lang/invoke/LambdaForm$MH+0x000002179008d800'
Event: 7200.180 Thread 0x00000217feae6cc0 Unloading class 0x000002179008a000 'java/lang/invoke/LambdaForm$MH+0x000002179008a000'
Event: 7200.180 Thread 0x00000217feae6cc0 Unloading class 0x0000021790088400 'java/lang/invoke/LambdaForm$MH+0x0000021790088400'
Event: 7200.180 Thread 0x00000217feae6cc0 Unloading class 0x0000021790088000 'java/lang/invoke/LambdaForm$MH+0x0000021790088000'
Event: 7200.180 Thread 0x00000217feae6cc0 Unloading class 0x0000021790086000 'java/lang/invoke/LambdaForm$DMH+0x0000021790086000'
Event: 7200.180 Thread 0x00000217feae6cc0 Unloading class 0x0000021790085800 'java/lang/invoke/LambdaForm$DMH+0x0000021790085800'
Event: 7200.180 Thread 0x00000217feae6cc0 Unloading class 0x0000021790085000 'java/lang/invoke/LambdaForm$DMH+0x0000021790085000'
Event: 7200.180 Thread 0x00000217feae6cc0 Unloading class 0x0000021790083400 'java/lang/invoke/LambdaForm$MH+0x0000021790083400'
Event: 7200.180 Thread 0x00000217feae6cc0 Unloading class 0x0000021790083000 'java/lang/invoke/LambdaForm$MH+0x0000021790083000'
Event: 7200.180 Thread 0x00000217feae6cc0 Unloading class 0x0000021790081000 'java/lang/invoke/LambdaForm$MH+0x0000021790081000'
Event: 7200.180 Thread 0x00000217feae6cc0 Unloading class 0x0000021790080000 'java/lang/invoke/LambdaForm$DMH+0x0000021790080000'
Event: 7200.180 Thread 0x00000217feae6cc0 Unloading class 0x0000021790004400 'java/lang/invoke/LambdaForm$MH+0x0000021790004400'

Classes redefined (0 events):
No events

Internal exceptions (20 events):
Event: 0.666 Thread 0x00000217ff4c1220 Exception <a 'java/lang/NoSuchMethodError'{0x00000000876b2500}: 'java.lang.Object java.lang.invoke.DirectMethodHandle$Holder.newInvokeSpecial(java.lang.Object, java.lang.Object, int)'> (0x00000000876b2500) 
thrown [s\src\hotspot\share\interpreter\linkResolver.cpp, line 784]
Event: 0.684 Thread 0x00000217ff4c1220 Exception <a 'java/lang/NoSuchMethodError'{0x0000000087571238}: 'java.lang.Object java.lang.invoke.DirectMethodHandle$Holder.invokeInterface(java.lang.Object, java.lang.Object, java.lang.Object)'> (0x0000000087571238) 
thrown [s\src\hotspot\share\interpreter\linkResolver.cpp, line 784]
Event: 0.686 Thread 0x00000217ff4c1220 Exception <a 'java/lang/NoSuchMethodError'{0x0000000087581168}: 'void java.lang.invoke.DirectMethodHandle$Holder.invokeInterface(java.lang.Object, java.lang.Object, java.lang.Object, java.lang.Object)'> (0x0000000087581168) 
thrown [s\src\hotspot\share\interpreter\linkResolver.cpp, line 784]
Event: 0.686 Thread 0x00000217ff4c1220 Exception <a 'java/lang/NoSuchMethodError'{0x0000000087585268}: 'void java.lang.invoke.DirectMethodHandle$Holder.invokeSpecial(java.lang.Object, java.lang.Object, java.lang.Object, java.lang.Object, java.lang.Object)'> (0x0000000087585268) 
thrown [s\src\hotspot\share\interpreter\linkResolver.cpp, line 784]
Event: 0.687 Thread 0x00000217ff4c1220 Exception <a 'java/lang/NoSuchMethodError'{0x0000000087593578}: 'java.lang.Object java.lang.invoke.Invokers$Holder.invokeExact_MT(java.lang.Object, java.lang.Object, java.lang.Object, java.lang.Object, java.lang.Object)'> (0x0000000087593578) 
thrown [s\src\hotspot\share\interpreter\linkResolver.cpp, line 784]
Event: 0.703 Thread 0x00000217ff4c1220 Exception <a 'java/lang/NoSuchMethodError'{0x00000000875aa758}: 'int java.lang.invoke.DirectMethodHandle$Holder.invokeInterface(java.lang.Object, java.lang.Object)'> (0x00000000875aa758) 
thrown [s\src\hotspot\share\interpreter\linkResolver.cpp, line 784]
Event: 0.742 Thread 0x00000217ff4c1220 Exception <a 'java/lang/NoSuchMethodError'{0x0000000087334398}: 'int java.lang.invoke.DirectMethodHandle$Holder.invokeInterface(java.lang.Object, java.lang.Object, int)'> (0x0000000087334398) 
thrown [s\src\hotspot\share\interpreter\linkResolver.cpp, line 784]
Event: 0.742 Thread 0x00000217ff4c1220 Exception <a 'java/lang/NoSuchMethodError'{0x0000000087338500}: 'int java.lang.invoke.DirectMethodHandle$Holder.invokeSpecial(java.lang.Object, java.lang.Object, java.lang.Object, int)'> (0x0000000087338500) 
thrown [s\src\hotspot\share\interpreter\linkResolver.cpp, line 784]
Event: 0.743 Thread 0x00000217ff4c1220 Exception <a 'java/lang/NoSuchMethodError'{0x000000008734a9f8}: 'java.lang.Object java.lang.invoke.DirectMethodHandle$Holder.invokeStatic(java.lang.Object, java.lang.Object, java.lang.Object, java.lang.Object, int)'> (0x000000008734a9f8) 
thrown [s\src\hotspot\share\interpreter\linkResolver.cpp, line 784]
Event: 0.749 Thread 0x00000217ff4c1220 Exception <a 'java/lang/NoSuchMethodError'{0x00000000873753d8}: 'void java.lang.invoke.DirectMethodHandle$Holder.invokeInterface(java.lang.Object, java.lang.Object, int)'> (0x00000000873753d8) 
thrown [s\src\hotspot\share\interpreter\linkResolver.cpp, line 784]
Event: 0.749 Thread 0x00000217ff4c1220 Exception <a 'java/lang/NoSuchMethodError'{0x00000000873794b0}: 'void java.lang.invoke.DelegatingMethodHandle$Holder.reinvoke_L(java.lang.Object, java.lang.Object, int)'> (0x00000000873794b0) 
thrown [s\src\hotspot\share\interpreter\linkResolver.cpp, line 784]
Event: 0.779 Thread 0x00000217ff4c1220 Exception <a 'java/lang/NoSuchMethodError'{0x00000000872083c0}: 'void java.lang.invoke.DirectMethodHandle$Holder.invokeInterface(java.lang.Object, java.lang.Object)'> (0x00000000872083c0) 
thrown [s\src\hotspot\share\interpreter\linkResolver.cpp, line 784]
Event: 0.868 Thread 0x00000217ff4c1220 Exception <a 'java/lang/NoSuchMethodError'{0x00000000871801f0}: 'java.lang.Object java.lang.invoke.DirectMethodHandle$Holder.invokeInterface(java.lang.Object, java.lang.Object, int)'> (0x00000000871801f0) 
thrown [s\src\hotspot\share\interpreter\linkResolver.cpp, line 784]
Event: 0.914 Thread 0x00000217ff4c1220 Exception <a 'java/lang/NoSuchMethodError'{0x000000008707a060}: 'int java.lang.invoke.DirectMethodHandle$Holder.invokeInterface(java.lang.Object, java.lang.Object, int, int)'> (0x000000008707a060) 
thrown [s\src\hotspot\share\interpreter\linkResolver.cpp, line 784]
Event: 0.915 Thread 0x00000217ff4c1220 Exception <a 'java/lang/NoSuchMethodError'{0x0000000087081010}: 'int java.lang.invoke.DelegatingMethodHandle$Holder.reinvoke_L(java.lang.Object, java.lang.Object, int, int)'> (0x0000000087081010) 
thrown [s\src\hotspot\share\interpreter\linkResolver.cpp, line 784]
Event: 0.917 Thread 0x00000217ff4c1220 Exception <a 'java/lang/NoSuchMethodError'{0x0000000087097ca8}: static Lcom/intellij/database/remote/jdbc/RemoteResultSet$DataRetrievingOptions;.<clinit>()V> (0x0000000087097ca8) 
thrown [s\src\hotspot\share\prims\jni.cpp, line 1139]
Event: 0.930 Thread 0x00000217ff4c1220 Exception <a 'java/lang/NoSuchMethodError'{0x0000000086f6c698}: static [Ljava/lang/Object;.<clinit>()V> (0x0000000086f6c698) 
thrown [s\src\hotspot\share\prims\jni.cpp, line 1139]
Event: 0.931 Thread 0x00000217ff4c1220 Exception <a 'java/lang/NoSuchMethodError'{0x0000000086f85ca0}: static Lcom/intellij/database/remote/jdbc/impl/UnparsedValue;.<clinit>()V> (0x0000000086f85ca0) 
thrown [s\src\hotspot\share\prims\jni.cpp, line 1139]
Event: 9300.567 Thread 0x00000217ff4c60e0 Exception <a 'java/net/SocketException'{0x0000000087c9e368}: Connection reset by peer: shutdown> (0x0000000087c9e368) 
thrown [s\src\hotspot\share\prims\jni.cpp, line 567]
Event: 9300.595 Thread 0x00000217ff4c60e0 Exception <a 'java/net/SocketException'{0x0000000087ca3748}: Connection reset by peer: shutdown> (0x0000000087ca3748) 
thrown [s\src\hotspot\share\prims\jni.cpp, line 567]

ZGC Phase Switch (0 events):
No events

VM Operations (20 events):
Event: 7285.308 Executing VM operation: Cleanup
Event: 7285.308 Executing VM operation: Cleanup done
Event: 7357.346 Executing VM operation: Cleanup
Event: 7357.346 Executing VM operation: Cleanup done
Event: 7501.419 Executing VM operation: Cleanup
Event: 7501.419 Executing VM operation: Cleanup done
Event: 7506.420 Executing VM operation: Cleanup
Event: 7506.420 Executing VM operation: Cleanup done
Event: 8806.045 Executing VM operation: Cleanup
Event: 8806.045 Executing VM operation: Cleanup done
Event: 8876.078 Executing VM operation: Cleanup
Event: 8876.078 Executing VM operation: Cleanup done
Event: 8962.119 Executing VM operation: Cleanup
Event: 8962.119 Executing VM operation: Cleanup done
Event: 9001.139 Executing VM operation: Cleanup
Event: 9001.139 Executing VM operation: Cleanup done
Event: 9300.589 Executing VM operation: HandshakeAllThreads (Deoptimize)
Event: 9300.589 Executing VM operation: HandshakeAllThreads (Deoptimize) done
Event: 9300.589 Executing VM operation: Cleanup
Event: 9300.589 Executing VM operation: Cleanup done

Memory protections (0 events):
No events

Nmethod flushes (20 events):
Event: 7200.255 Thread 0x00000217feae6cc0 flushing  nmethod 0x000002178033ce90
Event: 7200.255 Thread 0x00000217feae6cc0 flushing  nmethod 0x000002178033d910
Event: 7200.255 Thread 0x00000217feae6cc0 flushing  nmethod 0x000002178033dd90
Event: 7200.255 Thread 0x00000217feae6cc0 flushing  nmethod 0x000002178033e910
Event: 7200.255 Thread 0x00000217feae6cc0 flushing  nmethod 0x0000021780352090
Event: 7200.255 Thread 0x00000217feae6cc0 flushing  nmethod 0x0000021780357010
Event: 7200.256 Thread 0x00000217feae6cc0 flushing  nmethod 0x0000021780357a10
Event: 7200.256 Thread 0x00000217feae6cc0 flushing  nmethod 0x0000021780358590
Event: 7200.256 Thread 0x00000217feae6cc0 flushing  nmethod 0x0000021780378790
Event: 7200.256 Thread 0x00000217feae6cc0 flushing  nmethod 0x0000021780379610
Event: 7200.256 Thread 0x00000217feae6cc0 flushing  nmethod 0x000002178037cd90
Event: 7200.256 Thread 0x00000217feae6cc0 flushing  nmethod 0x000002178037d890
Event: 7200.256 Thread 0x00000217feae6cc0 flushing  nmethod 0x0000021780381090
Event: 7200.256 Thread 0x00000217feae6cc0 flushing  nmethod 0x0000021780382510
Event: 7200.256 Thread 0x00000217feae6cc0 flushing  nmethod 0x00000217803a1990
Event: 7200.256 Thread 0x00000217feae6cc0 flushing  nmethod 0x00000217803a7110
Event: 7200.256 Thread 0x00000217feae6cc0 flushing  nmethod 0x00000217803b2410
Event: 7200.256 Thread 0x00000217feae6cc0 flushing  nmethod 0x00000217803b2e10
Event: 7200.256 Thread 0x00000217feae6cc0 flushing  nmethod 0x00000217803c7890
Event: 7200.256 Thread 0x00000217feae6cc0 flushing  nmethod 0x00000217803fe510

Events (20 events):
Event: 0.443 Thread 0x00000217ff4c1220 Thread added: 0x00000217ff4c60e0
Event: 1.239 Thread 0x00000217feddac70 Thread exited: 0x00000217feddac70
Event: 10.459 Thread 0x00000217ff4c1220 Thread added: 0x00000217ff4c6770
Event: 10.459 Thread 0x00000217ff4c1220 Thread added: 0x00000217ff4c32f0
Event: 10.459 Thread 0x00000217ff4c1220 Thread added: 0x00000217ff4c3980
Event: 10.459 Thread 0x00000217ff4c1220 Thread added: 0x00000217ff4c18b0
Event: 10.459 Thread 0x00000217ff4c1220 Thread added: 0x00000217ff4c53c0
Event: 10.459 Thread 0x00000217ff4c1220 Thread added: 0x00000217ff4c5a50
Event: 10.459 Thread 0x00000217ff4c1220 Thread added: 0x00000217ff4c1f40
Event: 10.459 Thread 0x00000217ff4c3980 Thread exited: 0x00000217ff4c3980
Event: 10.460 Thread 0x00000217ff4c32f0 Thread exited: 0x00000217ff4c32f0
Event: 10.460 Thread 0x00000217ff4c18b0 Thread exited: 0x00000217ff4c18b0
Event: 10.460 Thread 0x00000217ff4c1f40 Thread exited: 0x00000217ff4c1f40
Event: 10.460 Thread 0x00000217ff4c53c0 Thread exited: 0x00000217ff4c53c0
Event: 10.460 Thread 0x00000217ff4c6770 Thread exited: 0x00000217ff4c6770
Event: 10.460 Thread 0x00000217ff4c5a50 Thread exited: 0x00000217ff4c5a50
Event: 75.411 Thread 0x00000217ff4c4010 Thread exited: 0x00000217ff4c4010
Event: 90.398 Thread 0x00000217fed8fe90 Thread exited: 0x00000217fed8fe90
Event: 684.064 Thread 0x00000217ff4c1220 Thread added: 0x00000217ff4c2c60
Event: 684.064 Thread 0x00000217ff4c2c60 Thread exited: 0x00000217ff4c2c60


Dynamic libraries:
0x00007ff76d570000 - 0x00007ff76d57a000 	C:\Users\USER\AppData\Local\Programs\IntelliJ IDEA Ultimate\jbr\bin\java.exe
0x00007ffb0ec10000 - 0x00007ffb0ee08000 	C:\Windows\SYSTEM32\ntdll.dll
0x00007ffb0e740000 - 0x00007ffb0e802000 	C:\Windows\System32\KERNEL32.DLL
0x00007ffb0c900000 - 0x00007ffb0cbf6000 	C:\Windows\System32\KERNELBASE.dll
0x00007ffb0c4d0000 - 0x00007ffb0c5d0000 	C:\Windows\System32\ucrtbase.dll
0x00007ffae6800000 - 0x00007ffae6818000 	C:\Users\USER\AppData\Local\Programs\IntelliJ IDEA Ultimate\jbr\bin\jli.dll
0x00007ffb0d2a0000 - 0x00007ffb0d43d000 	C:\Windows\System32\USER32.dll
0x00007ffb0c8d0000 - 0x00007ffb0c8f2000 	C:\Windows\System32\win32u.dll
0x00007ffaf8460000 - 0x00007ffaf847b000 	C:\Users\USER\AppData\Local\Programs\IntelliJ IDEA Ultimate\jbr\bin\VCRUNTIME140.dll
0x00007ffb0e5e0000 - 0x00007ffb0e60b000 	C:\Windows\System32\GDI32.dll
0x00007ffb0c2a0000 - 0x00007ffb0c3b9000 	C:\Windows\System32\gdi32full.dll
0x00007ffafa8b0000 - 0x00007ffafab4a000 	C:\Windows\WinSxS\amd64_microsoft.windows.common-controls_6595b64144ccf1df_6.0.19041.5915_none_60b4b9d171f9c7c7\COMCTL32.dll
0x00007ffb0c5d0000 - 0x00007ffb0c66d000 	C:\Windows\System32\msvcp_win.dll
0x00007ffb0cc90000 - 0x00007ffb0cd2e000 	C:\Windows\System32\msvcrt.dll
0x00007ffb0e680000 - 0x00007ffb0e6af000 	C:\Windows\System32\IMM32.DLL
0x00007ffaf4320000 - 0x00007ffaf432c000 	C:\Users\USER\AppData\Local\Programs\IntelliJ IDEA Ultimate\jbr\bin\vcruntime140_1.dll
0x00007ffafb440000 - 0x00007ffafb4cd000 	C:\Users\USER\AppData\Local\Programs\IntelliJ IDEA Ultimate\jbr\bin\msvcp140.dll
0x00007ffa9d8d0000 - 0x00007ffa9e691000 	C:\Users\USER\AppData\Local\Programs\IntelliJ IDEA Ultimate\jbr\bin\server\jvm.dll
0x00007ffb0d4f0000 - 0x00007ffb0d5a1000 	C:\Windows\System32\ADVAPI32.dll
0x00007ffb0d200000 - 0x00007ffb0d29f000 	C:\Windows\System32\sechost.dll
0x00007ffb0de30000 - 0x00007ffb0df53000 	C:\Windows\System32\RPCRT4.dll
0x00007ffb0cc00000 - 0x00007ffb0cc27000 	C:\Windows\System32\bcrypt.dll
0x00007ffb0df60000 - 0x00007ffb0dfcb000 	C:\Windows\System32\WS2_32.dll
0x00007ffb0be30000 - 0x00007ffb0be7b000 	C:\Windows\SYSTEM32\POWRPROF.dll
0x00007ffafb910000 - 0x00007ffafb937000 	C:\Windows\SYSTEM32\WINMM.dll
0x00007ffafbbd0000 - 0x00007ffafbbda000 	C:\Windows\SYSTEM32\VERSION.dll
0x00007ffb0bdf0000 - 0x00007ffb0be02000 	C:\Windows\SYSTEM32\UMPDC.dll
0x00007ffb0a100000 - 0x00007ffb0a112000 	C:\Windows\SYSTEM32\kernel.appcore.dll
0x00007ffaf3d80000 - 0x00007ffaf3d8a000 	C:\Users\USER\AppData\Local\Programs\IntelliJ IDEA Ultimate\jbr\bin\jimage.dll
0x00007ffb01770000 - 0x00007ffb01971000 	C:\Windows\SYSTEM32\DBGHELP.DLL
0x00007ffafc7e0000 - 0x00007ffafc814000 	C:\Windows\SYSTEM32\dbgcore.DLL
0x00007ffb0c440000 - 0x00007ffb0c4c2000 	C:\Windows\System32\bcryptPrimitives.dll
0x00007ffaec6b0000 - 0x00007ffaec6d0000 	C:\Users\USER\AppData\Local\Programs\IntelliJ IDEA Ultimate\jbr\bin\java.dll
0x00007ffb0d6b0000 - 0x00007ffb0de1e000 	C:\Windows\System32\SHELL32.dll
0x00007ffb0a300000 - 0x00007ffb0aaa4000 	C:\Windows\SYSTEM32\windows.storage.dll
0x00007ffb0e870000 - 0x00007ffb0ebc3000 	C:\Windows\System32\combase.dll
0x00007ffb0bb20000 - 0x00007ffb0bb4b000 	C:\Windows\SYSTEM32\Wldp.dll
0x00007ffb0d000000 - 0x00007ffb0d0cd000 	C:\Windows\System32\OLEAUT32.dll
0x00007ffb0e440000 - 0x00007ffb0e4ed000 	C:\Windows\System32\SHCORE.dll
0x00007ffb0e610000 - 0x00007ffb0e66b000 	C:\Windows\System32\shlwapi.dll
0x00007ffb0c1d0000 - 0x00007ffb0c1f5000 	C:\Windows\SYSTEM32\profapi.dll
0x00007ffaec690000 - 0x00007ffaec6a8000 	C:\Users\USER\AppData\Local\Programs\IntelliJ IDEA Ultimate\jbr\bin\zip.dll
0x00007ffaf3d70000 - 0x00007ffaf3d80000 	C:\Users\USER\AppData\Local\Programs\IntelliJ IDEA Ultimate\jbr\bin\net.dll
0x00007ffb05750000 - 0x00007ffb0585a000 	C:\Windows\SYSTEM32\WINHTTP.dll
0x00007ffb0b900000 - 0x00007ffb0b96a000 	C:\Windows\system32\mswsock.dll
0x00007ffaec670000 - 0x00007ffaec686000 	C:\Users\USER\AppData\Local\Programs\IntelliJ IDEA Ultimate\jbr\bin\nio.dll
0x00007ffb0b600000 - 0x00007ffb0b63b000 	C:\Windows\SYSTEM32\IPHLPAPI.DLL
0x00007ffb0e730000 - 0x00007ffb0e738000 	C:\Windows\System32\NSI.dll
0x00007ffb0bb60000 - 0x00007ffb0bb78000 	C:\Windows\SYSTEM32\CRYPTSP.dll
0x00007ffb0b240000 - 0x00007ffb0b278000 	C:\Windows\system32\rsaenh.dll
0x00007ffb0c190000 - 0x00007ffb0c1be000 	C:\Windows\SYSTEM32\USERENV.dll
0x00007ffb0ba90000 - 0x00007ffb0ba9c000 	C:\Windows\SYSTEM32\CRYPTBASE.dll
0x00007ffaeab00000 - 0x00007ffaeab09000 	C:\Users\USER\AppData\Local\Programs\IntelliJ IDEA Ultimate\jbr\bin\extnet.dll
0x00007ffb098f0000 - 0x00007ffb098f7000 	C:\Users\USER\AppData\Local\Programs\IntelliJ IDEA Ultimate\jbr\bin\rmi.dll
0x00007ffb0b640000 - 0x00007ffb0b70a000 	C:\Windows\SYSTEM32\DNSAPI.dll
0x00007ffb04980000 - 0x00007ffb0498a000 	C:\Windows\System32\rasadhlp.dll
0x00007ffb036e0000 - 0x00007ffb03760000 	C:\Windows\System32\fwpuclnt.dll

dbghelp: loaded successfully - version: 4.0.5 - missing functions: none
symbol engine: initialized successfully - sym options: 0x614 - pdb path: (cannot be retrieved)

VM Arguments:
jvm_args: -Djava.rmi.server.hostname=127.0.0.1 -Duser.timezone=UTC -Xmx2048m -Xms128m -Djdbc.classpath=C:\Users\USER\AppData\Local\Temp\RemoteDriver.classpath.txt --add-exports=java.desktop/sun.awt=ALL-UNNAMED --add-exports=java.desktop/java.awt.peer=ALL-UNNAMED --add-opens=java.desktop/java.awt=ALL-UNNAMED --add-opens=jdk.unsupported/sun.misc=ALL-UNNAMED --add-opens=java.base/java.nio=ALL-UNNAMED --add-opens=java.base/java.util=ALL-UNNAMED -Dfile.encoding=UTF-8 -Dsun.stdout.encoding=UTF-8 -Dsun.stderr.encoding=UTF-8 
java_command: com.intellij.database.remote.RemoteJdbcServer com.mysql.cj.jdbc.Driver
java_class_path (initial): C:\Users\USER\AppData\Local\Programs\IntelliJ IDEA Ultimate\lib\util_rt.jar;C:\Users\USER\AppData\Local\Programs\IntelliJ IDEA Ultimate\lib\util-8.jar;C:\Users\USER\AppData\Local\Programs\IntelliJ IDEA Ultimate\lib\groovy.jar;C:\Users\USER\AppData\Local\Programs\IntelliJ IDEA Ultimate\plugins\DatabaseTools\lib\jdbc-console.jar;C:\Users\USER\AppData\Local\Programs\IntelliJ IDEA Ultimate\lib\modules\intellij.grid.types.jar;C:\Users\USER\AppData\Local\Programs\IntelliJ IDEA Ultimate\lib\util.jar;C:\Users\USER\AppData\Local\Programs\IntelliJ IDEA Ultimate\lib\bouncy-castle.jar
Launcher Type: SUN_STANDARD

[Global flags]
     intx CICompilerCount                          = 4                                         {product} {ergonomic}
     uint ConcGCThreads                            = 3                                         {product} {ergonomic}
     uint G1ConcRefinementThreads                  = 10                                        {product} {ergonomic}
   size_t G1HeapRegionSize                         = 1048576                                   {product} {ergonomic}
    uintx GCDrainStackTargetSize                   = 64                                        {product} {ergonomic}
   size_t InitialHeapSize                          = 134217728                                 {product} {command line}
   size_t MarkStackSize                            = 4194304                                   {product} {ergonomic}
   size_t MaxHeapSize                              = 2147483648                                {product} {command line}
   size_t MaxNewSize                               = 1287651328                                {product} {ergonomic}
   size_t MinHeapDeltaBytes                        = 1048576                                   {product} {ergonomic}
   size_t MinHeapSize                              = 134217728                                 {product} {command line}
    uintx NonNMethodCodeHeapSize                   = 5839372                                {pd product} {ergonomic}
    uintx NonProfiledCodeHeapSize                  = 122909434                              {pd product} {ergonomic}
    uintx ProfiledCodeHeapSize                     = 122909434                              {pd product} {ergonomic}
    uintx ReservedCodeCacheSize                    = 251658240                              {pd product} {ergonomic}
     bool SegmentedCodeCache                       = true                                      {product} {ergonomic}
   size_t SoftMaxHeapSize                          = 2147483648                             {manageable} {ergonomic}
     bool UseCompressedOops                        = true                           {product lp64_product} {ergonomic}
     bool UseG1GC                                  = true                                      {product} {ergonomic}
     bool UseLargePagesIndividualAllocation        = false                                  {pd product} {ergonomic}

Logging:
Log output configuration:
 #0: stdout all=warning uptime,level,tags foldmultilines=false
 #1: stderr all=off uptime,level,tags foldmultilines=false

Environment Variables:
PATH=C:\Program Files\Microsoft SDKs\Azure\CLI2\wbin;C:\Program Files (x86)\Common Files\Oracle\Java\java8path;C:\Program Files (x86)\Common Files\Oracle\Java\javapath;C:\Windows\system32;C:\Windows;C:\Windows\System32\Wbem;C:\Windows\System32\WindowsPowerShell\v1.0\;C:\Windows\System32\OpenSSH\;C:\Program Files\containerd;C:\Program Files (x86)\Bluetooth Command Line Tools\bin;C:\Program Files\nodejs\;C:\Program Files\Docker\Docker\resources\bin;C:\Program Files\Git\cmd;C:\Users\USER\AppData\Local\Programs\Python\Python312;C:\Users\USER\AppData\Local\Programs\Python\Python312\Scripts;C:\Program Files\MongoDB\Server\8.0\bin;C:\Program Files\MySQL\MySQL Shell 8.0\bin\;C:\Users\USER\AppData\Local\Programs\Python\Launcher\;C:\Users\USER\AppData\Local\Microsoft\WindowsApps;C:\Users\USER\AppData\Local\Programs\Microsoft VS Code\bin;C:\Program Files\JetBrains\PyCharm Community Edition 2024.1.1\bin;C:\Users\USER\AppData\Local\JetBrains\Toolbox\scripts;C:\Users\USER\AppData\Local\Pandoc\;C:\texlive\2024\bin\windows;C:\Users\USER\AppData\Local\Microsoft\WinGet\Packages\Schniz.fnm_Microsoft.Winget.Source_8wekyb3d8bbwe;C:\Users\USER\AppData\Roaming\npm;C:\Users\USER\.dotnet\tools
USERNAME=USER
OS=Windows_NT
PROCESSOR_IDENTIFIER=AMD64 Family 25 Model 33 Stepping 2, AuthenticAMD
TMP=C:\Users\USER\AppData\Local\Temp
TEMP=C:\Users\USER\AppData\Local\Temp




Periodic native trim disabled

JNI global refs:
JNI global refs: 17, weak refs: 0

JNI global refs memory usage: 835, weak refs: 201

Process memory usage:
Resident Set Size: 43272K (0% of 16701488K total physical memory with 326016K free physical memory)

OOME stack traces (most recent first):
Classloader memory used:

[error occurred during error reporting (Classloader stats), id 0xe0000001, Out of Memory Error (s\src\hotspot\share\memory\arena.cpp:168)]
---------------  S Y S T E M  ---------------

OS:
 Windows 10 , 64 bit Build 19041 (10.0.19041.5915)
OS uptime: 9 days 16:48 hours
Hyper-V role detected

CPU: total 12 (initial active 12) (12 cores per cpu, 2 threads per core) family 25 model 33 stepping 2 microcode 0x0, cx8, cmov, fxsr, ht, mmx, 3dnowpref, sse, sse2, sse3, ssse3, sse4a, sse4.1, sse4.2, popcnt, lzcnt, tsc, tscinvbit, avx, avx2, aes, erms, clmul, bmi1, bmi2, adx, sha, fma, vzeroupper, clflush, clflushopt, hv, rdtscp, rdpid, fsrm, f16c, cet_ss
Processor Information for the first 12 processors :
  Max Mhz: 3501, Current Mhz: 3501, Mhz Limit: 3501

Memory: 4k page, system-wide physical 16310M (318M free)
TotalPageFile size 65462M (AvailPageFile size 0M)
current process WorkingSet (physical memory assigned to process): 42M, peak: 103M
current process commit charge ("private bytes"): 237M, peak: 266M

vm_info: OpenJDK 64-Bit Server VM (21.0.6+9-b895.109) for windows-amd64 JRE (21.0.6+9-b895.109), built on 2025-03-26 by "builduser" with MS VC++ 16.10 / 16.11 (VS2019)

END.
